INFO:2021-07-09 00:20:03,588:[predict.py:360 -        predict_main() ] INPUT DATA -
{'task0': {'strand': 0, 'task_id': 0, 'signal': '/wynton/home/corces/allan/variantapp/ATAC/data/Cluster24.bpnet.unstranded.bw', 'peaks': '/wynton/home/corces/allan/variantapp/ATAC/data/Cluster24.idr.optimal.narrowPeak'}}
INFO:2021-07-09 00:20:03,590:[predict.py:363 -        predict_main() ] Loading /wynton/home/corces/allan/variantapp/ATAC/model/bpnet.256.15.001_split000.h5
INFO:2021-07-09 00:20:14,312:[predict.py:85 -             predict() ] SEQGEN Class Name: MBPNetSequenceGenerator
INFO:2021-07-09 00:20:14,431:[utils.py:145 -   _init_num_threads() ] Note: NumExpr detected 32 cores but "NUMEXPR_MAX_THREADS" not set, so enforcing safe limit of 8.
INFO:2021-07-09 00:20:14,801:[generators.py:447 -            __init__() ] mode 'test': Data size (with 0 padded rows) - 19162
INFO:2021-07-09 00:20:14,802:[bigwigutils.py:66 -prepare_BPNet_output_files() ] Profile bigWig - /wynton/home/corces/allan/variantapp/ATAC/predictions/bpnet_task0.bw
INFO:2021-07-09 00:20:14,802:[bigwigutils.py:67 -prepare_BPNet_output_files() ] Counts bigWig - /wynton/home/corces/allan/variantapp/ATAC/predictions/bpnet_task0_exponentiated_counts.bw
DEBUG:2021-07-09 00:20:14,812:[bigwigutils.py:88 -prepare_BPNet_output_files() ] bigWig HEADER - [('chr1', 248956422)]
DEBUG:2021-07-09 00:20:14,881:[generators.py:670 -          _epoch_run() ] test spawning process 0, df size (19162, 2), sum(num_batches) 19162
DEBUG:2021-07-09 00:20:14,944:[generators.py:696 -          _epoch_run() ] test num_batches list [19162]
DEBUG:2021-07-09 00:20:14,946:[generators.py:708 -          _epoch_run() ] test starting stealer thread 0 [19162] 
DEBUG:2021-07-09 00:20:14,948:[generators.py:744 -                 gen() ] test Batch generation for epoch 1 started
INFO:2021-07-09 00:22:16,262:[predict.py:360 -        predict_main() ] INPUT DATA -
{'task0': {'strand': 0, 'task_id': 0, 'signal': '/wynton/home/corces/allan/variantapp/ATAC/data/Cluster24.bpnet.unstranded.bw', 'peaks': '/wynton/home/corces/allan/variantapp/ATAC/data/Cluster24.peaks.bed'}}
INFO:2021-07-09 00:22:16,280:[predict.py:363 -        predict_main() ] Loading /wynton/home/corces/allan/variantapp/ATAC/model/bpnet.256.15.001_split000.h5
INFO:2021-07-09 00:22:25,276:[predict.py:85 -             predict() ] SEQGEN Class Name: MBPNetSequenceGenerator
INFO:2021-07-09 00:22:25,346:[utils.py:145 -   _init_num_threads() ] Note: NumExpr detected 32 cores but "NUMEXPR_MAX_THREADS" not set, so enforcing safe limit of 8.
INFO:2021-07-09 00:22:25,388:[generators.py:447 -            __init__() ] mode 'test': Data size (with 0 padded rows) - 1
INFO:2021-07-09 00:22:25,388:[bigwigutils.py:66 -prepare_BPNet_output_files() ] Profile bigWig - /wynton/home/corces/allan/variantapp/ATAC/predictions/bpnet_task0.bw
INFO:2021-07-09 00:22:25,389:[bigwigutils.py:67 -prepare_BPNet_output_files() ] Counts bigWig - /wynton/home/corces/allan/variantapp/ATAC/predictions/bpnet_task0_exponentiated_counts.bw
DEBUG:2021-07-09 00:22:25,398:[bigwigutils.py:88 -prepare_BPNet_output_files() ] bigWig HEADER - [('chr1', 248956422)]
DEBUG:2021-07-09 00:22:25,471:[generators.py:670 -          _epoch_run() ] test spawning process 0, df size (1, 2), sum(num_batches) 1
DEBUG:2021-07-09 00:22:25,518:[generators.py:696 -          _epoch_run() ] test num_batches list [1]
DEBUG:2021-07-09 00:22:25,519:[generators.py:708 -          _epoch_run() ] test starting stealer thread 0 [1] 
DEBUG:2021-07-09 00:22:25,521:[generators.py:744 -                 gen() ] test Batch generation for epoch 1 started
DEBUG:2021-07-09 00:22:25,610:[generators.py:592 -        _proc_target() ] test process 0 put 1 batches into mpq
DEBUG:2021-07-09 00:22:25,613:[generators.py:615 -            _stealer() ] test stealer thread 0 got 1 batches from mpq
DEBUG:2021-07-09 00:22:39,435:[generators.py:756 -                 gen() ] test waiting to join process 0
DEBUG:2021-07-09 00:22:39,436:[generators.py:761 -                 gen() ] test waiting to join thread 0
DEBUG:2021-07-09 00:22:39,437:[generators.py:765 -                 gen() ] test join complete for process 0
DEBUG:2021-07-09 00:22:39,438:[generators.py:768 -                 gen() ] test Finished join for epoch 1
DEBUG:2021-07-09 00:22:39,438:[generators.py:770 -                 gen() ] test Ready for next epoch
INFO:2021-07-09 00:22:39,451:[predict.py:306 -             predict() ] Total Elapsed Time: 14.063016414642334 secs
