INFO:2021-07-24 17:56:52,691:[training.py:576 -train_and_validate_ksplits() ] Split #0
INFO:2021-07-24 17:56:52,692:[training.py:577 -train_and_validate_ksplits() ] Train: ['chr17', 'chrX', 'chr11', 'chr13', 'chr12', 'chr20', 'chr15', 'chr3', 'chr2', 'chr22', 'chr14', 'chr7', 'chr5', 'chr6', 'chr21', 'chr9', 'chr4', 'chr16', 'chr19', 'chr18', 'chrY']
INFO:2021-07-24 17:56:52,693:[training.py:578 -train_and_validate_ksplits() ] Val: ['chr10', 'chr8']
DEBUG:2021-07-24 17:56:52,693:[training.py:585 -train_and_validate_ksplits() ] Split 0: Creating training process
INFO:2021-07-24 18:10:44,475:[training.py:576 -train_and_validate_ksplits() ] Split #0
INFO:2021-07-24 18:10:44,492:[training.py:577 -train_and_validate_ksplits() ] Train: ['chr21', 'chr16', 'chr12', 'chr22', 'chr9', 'chr20', 'chr7', 'chr11', 'chr4', 'chr17', 'chr19', 'chr13', 'chr14', 'chr2', 'chr15', 'chr3', 'chr18', 'chr5', 'chrY', 'chr6', 'chrX']
INFO:2021-07-24 18:10:44,493:[training.py:578 -train_and_validate_ksplits() ] Val: ['chr10', 'chr8']
DEBUG:2021-07-24 18:10:44,494:[training.py:585 -train_and_validate_ksplits() ] Split 0: Creating training process
INFO:2021-07-24 19:42:26,947:[training.py:576 -train_and_validate_ksplits() ] Split #0
INFO:2021-07-24 19:42:26,961:[training.py:577 -train_and_validate_ksplits() ] Train: ['chr21', 'chr12', 'chr13', 'chr20', 'chr4', 'chr3', 'chr14', 'chr16', 'chr9', 'chr6', 'chr19', 'chr18', 'chrY', 'chr5', 'chrX', 'chr2', 'chr17', 'chr11', 'chr7', 'chr15', 'chr22']
INFO:2021-07-24 19:42:26,962:[training.py:578 -train_and_validate_ksplits() ] Val: ['chr10', 'chr8']
DEBUG:2021-07-24 19:42:26,963:[training.py:585 -train_and_validate_ksplits() ] Split 0: Creating training process
INFO:2021-07-24 19:45:01,164:[training.py:576 -train_and_validate_ksplits() ] Split #0
INFO:2021-07-24 19:45:01,165:[training.py:577 -train_and_validate_ksplits() ] Train: ['chr20', 'chr18', 'chrX', 'chr5', 'chr19', 'chr12', 'chrY', 'chr7', 'chr3', 'chr21', 'chr11', 'chr15', 'chr6', 'chr9', 'chr14', 'chr2', 'chr17', 'chr22', 'chr4', 'chr16', 'chr13']
INFO:2021-07-24 19:45:01,166:[training.py:578 -train_and_validate_ksplits() ] Val: ['chr10', 'chr8']
DEBUG:2021-07-24 19:45:01,166:[training.py:585 -train_and_validate_ksplits() ] Split 0: Creating training process
INFO:2021-07-25 00:01:20,224:[training.py:576 -train_and_validate_ksplits() ] Split #0
INFO:2021-07-25 00:01:20,245:[training.py:577 -train_and_validate_ksplits() ] Train: ['chr4', 'chrY', 'chr13', 'chr7', 'chr9', 'chr12', 'chr5', 'chr6', 'chr11', 'chr22', 'chr17', 'chr15', 'chr18', 'chr21', 'chrX', 'chr20', 'chr19', 'chr16', 'chr2', 'chr14', 'chr3']
INFO:2021-07-25 00:01:20,245:[training.py:578 -train_and_validate_ksplits() ] Val: ['chr10', 'chr8']
DEBUG:2021-07-25 00:01:20,246:[training.py:585 -train_and_validate_ksplits() ] Split 0: Creating training process
INFO:2021-07-25 00:03:03,915:[training.py:576 -train_and_validate_ksplits() ] Split #0
INFO:2021-07-25 00:03:03,916:[training.py:577 -train_and_validate_ksplits() ] Train: ['chrY', 'chrX', 'chr15', 'chr11', 'chr12', 'chr13', 'chr17', 'chr14', 'chr16', 'chr22', 'chr5', 'chr20', 'chr9', 'chr7', 'chr4', 'chr19', 'chr3', 'chr2', 'chr18', 'chr6', 'chr21']
INFO:2021-07-25 00:03:03,917:[training.py:578 -train_and_validate_ksplits() ] Val: ['chr10', 'chr8']
DEBUG:2021-07-25 00:03:03,917:[training.py:585 -train_and_validate_ksplits() ] Split 0: Creating training process
